<?xml version="1.0" encoding="utf-8"?>
<test-run id="2" testcasecount="1" result="Passed" total="1" passed="1" failed="0" inconclusive="0" skipped="0" asserts="0" engine-version="3.5.0.0" clr-version="4.0.30319.42000" start-time="2022-01-30 21:42:43Z" end-time="2022-01-30 21:42:43Z" duration="0.0455982">
  <test-suite type="TestSuite" id="1007" name="New Unity Project" fullname="New Unity Project" runstate="Runnable" testcasecount="1" result="Passed" start-time="2022-01-30 21:42:43Z" end-time="2022-01-30 21:42:43Z" duration="0.045598" total="1" passed="1" failed="0" inconclusive="0" skipped="0" asserts="0">
    <properties />
    <test-suite type="Assembly" id="1010" name="Unit_Tests.dll" fullname="C:/Users/18439/Bootymeat/Library/ScriptAssemblies/Unit_Tests.dll" runstate="Runnable" testcasecount="1" result="Passed" start-time="2022-01-30 21:42:43Z" end-time="2022-01-30 21:42:43Z" duration="0.032788" total="1" passed="1" failed="0" inconclusive="0" skipped="0" asserts="0">
      <properties>
        <property name="_PID" value="2220" />
        <property name="_APPDOMAIN" value="Unity Child Domain" />
        <property name="platform" value="EditMode" />
      </properties>
      <test-suite type="TestFixture" id="1008" name="RoomGeneratorTests" fullname="RoomGeneratorTests" classname="RoomGeneratorTests" runstate="Runnable" testcasecount="1" result="Passed" start-time="2022-01-30 21:42:43Z" end-time="2022-01-30 21:42:43Z" duration="0.031596" total="1" passed="1" failed="0" inconclusive="0" skipped="0" asserts="0">
        <properties />
        <test-case id="1009" name="GenerateRoomTest" fullname="RoomGeneratorTests.GenerateRoomTest" methodname="GenerateRoomTest" classname="RoomGeneratorTests" runstate="Runnable" seed="161456729" result="Passed" start-time="2022-01-30 21:42:43Z" end-time="2022-01-30 21:42:43Z" duration="0.018862" asserts="0">
          <properties />
        </test-case>
      </test-suite>
    </test-suite>
  </test-suite>
</test-run>